Using pre-set license
Built from '2020.3/release' branch; Version is '2020.3.2f1 (8fd9074bf66c) revision 9427207'; Using compiler version '192528614'; Build Type 'Release'
OS: 'Windows 10 Pro; OS build 19042.928; Version 2009; 64bit' Language: 'ru' Physical Memory: 32697 MB
BatchMode: 1, IsHumanControllingUs: 0, StartBugReporterOnCrash: 0, Is64bit: 1, IsPro: 0

 COMMAND LINE ARGUMENTS:
C:\Program Files\Unity\Hub\Editor\2020.3.2f1\Editor\Unity.exe
-adb2
-batchMode
-noUpm
-name
AssetImportWorker0
-projectPath
D:/games/гunityProjects/DolleyTheDog
-logFile
Logs/AssetImportWorker0.log
-srvPort
62457
Successfully changed project path to: D:/games/гunityProjects/DolleyTheDog
D:/games/гunityProjects/DolleyTheDog
Using Asset Import Pipeline V2.
Refreshing native plugins compatible for Editor in 98.35 ms, found 1 plugins.
Preloading 0 native plugins for Editor in 0.00 ms.
Initialize engine version: 2020.3.2f1 (8fd9074bf66c)
[Subsystems] Discovering subsystems at path C:/Program Files/Unity/Hub/Editor/2020.3.2f1/Editor/Data/Resources/UnitySubsystems
[Subsystems] Discovering subsystems at path D:/games/гunityProjects/DolleyTheDog/Assets
GfxDevice: creating device client; threaded=0
Direct3D:
    Version:  Direct3D 11.0 [level 11.1]
    Renderer: NVIDIA GeForce RTX 3070 (ID=0x2484)
    Vendor:   
    VRAM:     8043 MB
    Driver:   27.21.14.6627
Initialize mono
Mono path[0] = 'C:/Program Files/Unity/Hub/Editor/2020.3.2f1/Editor/Data/Managed'
Mono path[1] = 'C:/Program Files/Unity/Hub/Editor/2020.3.2f1/Editor/Data/MonoBleedingEdge/lib/mono/unityjit'
Mono config path = 'C:/Program Files/Unity/Hub/Editor/2020.3.2f1/Editor/Data/MonoBleedingEdge/etc'
Using monoOptions --debugger-agent=transport=dt_socket,embedding=1,server=y,suspend=n,address=127.0.0.1:56996
Begin MonoManager ReloadAssembly
Registering precompiled unity dll's ...
Register platform support module: C:/Program Files/Unity/Hub/Editor/2020.3.2f1/Editor/Data/PlaybackEngines/WindowsStandaloneSupport/UnityEditor.WindowsStandalone.Extensions.dll
Registered in 0.005052 seconds.
Native extension for WindowsStandalone target not found
Refreshing native plugins compatible for Editor in 88.25 ms, found 1 plugins.
Preloading 0 native plugins for Editor in 0.00 ms.
Invoked RoslynAnalysisRunner static constructor.
RoslynAnalysisRunner will not be running.
RoslynAnalysisRunner has terminated.
Mono: successfully reloaded assembly
- Completed reload, in  3.764 seconds
Platform modules already initialized, skipping
Registering precompiled user dll's ...
Registered in 0.001559 seconds.
Begin MonoManager ReloadAssembly
Native extension for WindowsStandalone target not found
Refreshing native plugins compatible for Editor in 70.43 ms, found 1 plugins.
Preloading 0 native plugins for Editor in 0.00 ms.
Invoked RoslynAnalysisRunner static constructor.
RoslynAnalysisRunner will not be running.
RoslynAnalysisRunner has terminated.
Mono: successfully reloaded assembly
- Completed reload, in  1.775 seconds
Platform modules already initialized, skipping
========================================================================
Worker process is ready to serve import requests
Launched and connected shader compiler UnityShaderCompiler.exe after 0.07 seconds
Refreshing native plugins compatible for Editor in 0.86 ms, found 1 plugins.
Preloading 0 native plugins for Editor in 0.00 ms.
Unloading 1924 Unused Serialized files (Serialized files now loaded: 0)
System memory in use before: 88.2 MB.
System memory in use after: 88.3 MB.

Unloading 32 unused Assets to reduce memory usage. Loaded Objects now: 2360.
Total: 2.879200 ms (FindLiveObjects: 0.237500 ms CreateObjectMapping: 0.114900 ms MarkObjects: 2.431900 ms  DeleteObjects: 0.093000 ms)

========================================================================
Received Import Request.
  path: Assets/Audio
  artifactKey: Guid(04cd9e3aa775f3a4aad24afae4e47ee0) Importer(815301076,1909f56bfc062723c751e8b465ee728b)
Start importing Assets/Audio using Guid(04cd9e3aa775f3a4aad24afae4e47ee0) Importer(815301076,1909f56bfc062723c751e8b465ee728b)  -> (artifact id: 'd08196ebe72bd86b03c2eca244cc43de') in 0.019247 seconds
  Import took 0.025464 seconds .

========================================================================
Received Import Request.
  Time since last request: 10.629836 seconds.
  path: Assets/Audio/untitled.mp3
  artifactKey: Guid(9ffb9e89dc8e9024792b026d155b0e52) Importer(815301076,1909f56bfc062723c751e8b465ee728b)
Start importing Assets/Audio/untitled.mp3 using Guid(9ffb9e89dc8e9024792b026d155b0e52) Importer(815301076,1909f56bfc062723c751e8b465ee728b)  -> (artifact id: '8120f4ad246ee7bd67d910c3059fb9bd') in 0.244182 seconds
  Import took 0.251407 seconds .

========================================================================
Received Import Request.
  Time since last request: 1.758040 seconds.
  path: Assets/Audio/1.mp3
  artifactKey: Guid(2a73646dac86a10418f1a183b45864e4) Importer(815301076,1909f56bfc062723c751e8b465ee728b)
Start importing Assets/Audio/1.mp3 using Guid(2a73646dac86a10418f1a183b45864e4) Importer(815301076,1909f56bfc062723c751e8b465ee728b)  -> (artifact id: 'a432ce64fbfe37ee08c52aabcda5c50a') in 0.026094 seconds
  Import took 0.031372 seconds .

========================================================================
Received Import Request.
  Time since last request: 8.129840 seconds.
  path: Assets/Audio/2.mp3
  artifactKey: Guid(987778d02172a1843a8628b1bec4b0ec) Importer(815301076,1909f56bfc062723c751e8b465ee728b)
Start importing Assets/Audio/2.mp3 using Guid(987778d02172a1843a8628b1bec4b0ec) Importer(815301076,1909f56bfc062723c751e8b465ee728b)  -> (artifact id: '17d79b504e0075de60097d652d597dff') in 0.025256 seconds
  Import took 0.031598 seconds .

========================================================================
Received Import Request.
  Time since last request: 7.839395 seconds.
  path: Assets/Audio/3.mp3
  artifactKey: Guid(89a018ec81f957345a6ceed26a31a122) Importer(815301076,1909f56bfc062723c751e8b465ee728b)
Start importing Assets/Audio/3.mp3 using Guid(89a018ec81f957345a6ceed26a31a122) Importer(815301076,1909f56bfc062723c751e8b465ee728b)  -> (artifact id: '316246d9ac6323018a040094636b3aa9') in 0.029528 seconds
  Import took 0.037901 seconds .

========================================================================
Received Import Request.
  Time since last request: 5.700119 seconds.
  path: Assets/Audio/4.mp3
  artifactKey: Guid(e47e622b3f628c043ab48b36e45fe54a) Importer(815301076,1909f56bfc062723c751e8b465ee728b)
Start importing Assets/Audio/4.mp3 using Guid(e47e622b3f628c043ab48b36e45fe54a) Importer(815301076,1909f56bfc062723c751e8b465ee728b)  -> (artifact id: '6c82f554c2f12b5050138a4070b94c1a') in 0.028503 seconds
  Import took 0.035690 seconds .

========================================================================
Received Import Request.
  Time since last request: 4.310200 seconds.
  path: Assets/Audio/5.mp3
  artifactKey: Guid(b2d575845d2f46d44b4ec9ef9527246e) Importer(815301076,1909f56bfc062723c751e8b465ee728b)
Start importing Assets/Audio/5.mp3 using Guid(b2d575845d2f46d44b4ec9ef9527246e) Importer(815301076,1909f56bfc062723c751e8b465ee728b)  -> (artifact id: '2707973d17d892b312204aede055d49a') in 0.043122 seconds
  Import took 0.051963 seconds .

========================================================================
Received Import Request.
  Time since last request: 111.453323 seconds.
  path: Assets/_Scripts/DolleytheDog.cs
  artifactKey: Guid(6f5f9ee60dfbad44891259f802532888) Importer(815301076,1909f56bfc062723c751e8b465ee728b)
Start importing Assets/_Scripts/DolleytheDog.cs using Guid(6f5f9ee60dfbad44891259f802532888) Importer(815301076,1909f56bfc062723c751e8b465ee728b)  -> (artifact id: 'e51be3c80a3221a87824e72cbc0c1e55') in 0.038781 seconds
  Import took 0.045826 seconds .

========================================================================
Received Prepare
Registering precompiled user dll's ...
Registered in 0.001739 seconds.
Begin MonoManager ReloadAssembly
Native extension for WindowsStandalone target not found
Refreshing native plugins compatible for Editor in 0.80 ms, found 1 plugins.
Preloading 0 native plugins for Editor in 0.00 ms.
Invoked RoslynAnalysisRunner static constructor.
RoslynAnalysisRunner will not be running.
RoslynAnalysisRunner has terminated.
Mono: successfully reloaded assembly
- Completed reload, in  1.591 seconds
Platform modules already initialized, skipping
Refreshing native plugins compatible for Editor in 0.79 ms, found 1 plugins.
Preloading 0 native plugins for Editor in 0.00 ms.
Unloading 1914 Unused Serialized files (Serialized files now loaded: 0)
System memory in use before: 90.8 MB.
System memory in use after: 90.9 MB.

Unloading 20 unused Assets to reduce memory usage. Loaded Objects now: 2373.
Total: 3.110100 ms (FindLiveObjects: 0.237100 ms CreateObjectMapping: 0.149300 ms MarkObjects: 2.689800 ms  DeleteObjects: 0.032200 ms)

========================================================================
Received Prepare
Registering precompiled user dll's ...
Registered in 0.001715 seconds.
Begin MonoManager ReloadAssembly
Native extension for WindowsStandalone target not found
Refreshing native plugins compatible for Editor in 0.78 ms, found 1 plugins.
Preloading 0 native plugins for Editor in 0.00 ms.
Invoked RoslynAnalysisRunner static constructor.
RoslynAnalysisRunner will not be running.
RoslynAnalysisRunner has terminated.
Mono: successfully reloaded assembly
- Completed reload, in  1.522 seconds
Platform modules already initialized, skipping
Refreshing native plugins compatible for Editor in 0.80 ms, found 1 plugins.
Preloading 0 native plugins for Editor in 0.00 ms.
Unloading 1914 Unused Serialized files (Serialized files now loaded: 0)
System memory in use before: 90.9 MB.
System memory in use after: 91.0 MB.

Unloading 20 unused Assets to reduce memory usage. Loaded Objects now: 2377.
Total: 2.786000 ms (FindLiveObjects: 0.224600 ms CreateObjectMapping: 0.110200 ms MarkObjects: 2.422700 ms  DeleteObjects: 0.026700 ms)

========================================================================
Received Prepare
Registering precompiled user dll's ...
Registered in 0.001724 seconds.
Begin MonoManager ReloadAssembly
Native extension for WindowsStandalone target not found
Refreshing native plugins compatible for Editor in 0.80 ms, found 1 plugins.
Preloading 0 native plugins for Editor in 0.00 ms.
Invoked RoslynAnalysisRunner static constructor.
RoslynAnalysisRunner will not be running.
RoslynAnalysisRunner has terminated.
Mono: successfully reloaded assembly
- Completed reload, in  1.669 seconds
Platform modules already initialized, skipping
Refreshing native plugins compatible for Editor in 1.16 ms, found 1 plugins.
Preloading 0 native plugins for Editor in 0.00 ms.
Unloading 1914 Unused Serialized files (Serialized files now loaded: 0)
System memory in use before: 90.9 MB.
System memory in use after: 91.0 MB.

Unloading 20 unused Assets to reduce memory usage. Loaded Objects now: 2381.
Total: 2.862600 ms (FindLiveObjects: 0.230300 ms CreateObjectMapping: 0.112600 ms MarkObjects: 2.487400 ms  DeleteObjects: 0.030400 ms)

========================================================================
Received Prepare
Registering precompiled user dll's ...
Registered in 0.001707 seconds.
Begin MonoManager ReloadAssembly
Native extension for WindowsStandalone target not found
Refreshing native plugins compatible for Editor in 0.80 ms, found 1 plugins.
Preloading 0 native plugins for Editor in 0.00 ms.
Invoked RoslynAnalysisRunner static constructor.
RoslynAnalysisRunner will not be running.
RoslynAnalysisRunner has terminated.
Mono: successfully reloaded assembly
- Completed reload, in  1.593 seconds
Platform modules already initialized, skipping
Refreshing native plugins compatible for Editor in 0.80 ms, found 1 plugins.
Preloading 0 native plugins for Editor in 0.00 ms.
Unloading 1914 Unused Serialized files (Serialized files now loaded: 0)
System memory in use before: 90.9 MB.
System memory in use after: 91.0 MB.

Unloading 20 unused Assets to reduce memory usage. Loaded Objects now: 2385.
Total: 5.178600 ms (FindLiveObjects: 0.396100 ms CreateObjectMapping: 0.245000 ms MarkObjects: 4.473100 ms  DeleteObjects: 0.061000 ms)

========================================================================
Received Prepare
Registering precompiled user dll's ...
Registered in 0.001731 seconds.
Begin MonoManager ReloadAssembly
Native extension for WindowsStandalone target not found
Refreshing native plugins compatible for Editor in 0.87 ms, found 1 plugins.
Preloading 0 native plugins for Editor in 0.00 ms.
Invoked RoslynAnalysisRunner static constructor.
RoslynAnalysisRunner will not be running.
RoslynAnalysisRunner has terminated.
Mono: successfully reloaded assembly
- Completed reload, in  1.569 seconds
Platform modules already initialized, skipping
Refreshing native plugins compatible for Editor in 0.80 ms, found 1 plugins.
Preloading 0 native plugins for Editor in 0.00 ms.
Unloading 1914 Unused Serialized files (Serialized files now loaded: 0)
System memory in use before: 90.9 MB.
System memory in use after: 91.0 MB.

Unloading 20 unused Assets to reduce memory usage. Loaded Objects now: 2389.
Total: 4.188800 ms (FindLiveObjects: 0.232100 ms CreateObjectMapping: 0.222300 ms MarkObjects: 3.664700 ms  DeleteObjects: 0.067200 ms)

========================================================================
Received Prepare
Registering precompiled user dll's ...
Registered in 0.001762 seconds.
Begin MonoManager ReloadAssembly
Native extension for WindowsStandalone target not found
Refreshing native plugins compatible for Editor in 0.78 ms, found 1 plugins.
Preloading 0 native plugins for Editor in 0.00 ms.
Invoked RoslynAnalysisRunner static constructor.
RoslynAnalysisRunner will not be running.
RoslynAnalysisRunner has terminated.
Mono: successfully reloaded assembly
- Completed reload, in  1.510 seconds
Platform modules already initialized, skipping
Refreshing native plugins compatible for Editor in 0.79 ms, found 1 plugins.
Preloading 0 native plugins for Editor in 0.00 ms.
Unloading 1914 Unused Serialized files (Serialized files now loaded: 0)
System memory in use before: 90.9 MB.
System memory in use after: 91.0 MB.

Unloading 20 unused Assets to reduce memory usage. Loaded Objects now: 2393.
Total: 2.752000 ms (FindLiveObjects: 0.231300 ms CreateObjectMapping: 0.112400 ms MarkObjects: 2.376000 ms  DeleteObjects: 0.030600 ms)

========================================================================
Received Prepare
Registering precompiled user dll's ...
Registered in 0.002129 seconds.
Begin MonoManager ReloadAssembly
Native extension for WindowsStandalone target not found
Refreshing native plugins compatible for Editor in 0.83 ms, found 1 plugins.
Preloading 0 native plugins for Editor in 0.00 ms.
Invoked RoslynAnalysisRunner static constructor.
RoslynAnalysisRunner will not be running.
RoslynAnalysisRunner has terminated.
Mono: successfully reloaded assembly
- Completed reload, in  1.587 seconds
Platform modules already initialized, skipping
Refreshing native plugins compatible for Editor in 0.81 ms, found 1 plugins.
Preloading 0 native plugins for Editor in 0.00 ms.
Unloading 1914 Unused Serialized files (Serialized files now loaded: 0)
System memory in use before: 90.9 MB.
System memory in use after: 91.0 MB.

Unloading 20 unused Assets to reduce memory usage. Loaded Objects now: 2397.
Total: 2.749800 ms (FindLiveObjects: 0.239800 ms CreateObjectMapping: 0.114100 ms MarkObjects: 2.365300 ms  DeleteObjects: 0.028600 ms)

========================================================================
Received Prepare
Registering precompiled user dll's ...
Registered in 0.001820 seconds.
Begin MonoManager ReloadAssembly
Native extension for WindowsStandalone target not found
Refreshing native plugins compatible for Editor in 0.80 ms, found 1 plugins.
Preloading 0 native plugins for Editor in 0.00 ms.
Invoked RoslynAnalysisRunner static constructor.
RoslynAnalysisRunner will not be running.
RoslynAnalysisRunner has terminated.
Mono: successfully reloaded assembly
- Completed reload, in  1.667 seconds
Platform modules already initialized, skipping
Refreshing native plugins compatible for Editor in 0.80 ms, found 1 plugins.
Preloading 0 native plugins for Editor in 0.00 ms.
Unloading 1914 Unused Serialized files (Serialized files now loaded: 0)
System memory in use before: 90.9 MB.
System memory in use after: 91.1 MB.

Unloading 20 unused Assets to reduce memory usage. Loaded Objects now: 2401.
Total: 3.145600 ms (FindLiveObjects: 0.418100 ms CreateObjectMapping: 0.240400 ms MarkObjects: 2.452600 ms  DeleteObjects: 0.031700 ms)

========================================================================
Received Prepare
Registering precompiled user dll's ...
Registered in 0.001672 seconds.
Begin MonoManager ReloadAssembly
Native extension for WindowsStandalone target not found
Refreshing native plugins compatible for Editor in 0.80 ms, found 1 plugins.
Preloading 0 native plugins for Editor in 0.00 ms.
Invoked RoslynAnalysisRunner static constructor.
RoslynAnalysisRunner will not be running.
RoslynAnalysisRunner has terminated.
Mono: successfully reloaded assembly
- Completed reload, in  1.629 seconds
Platform modules already initialized, skipping
Refreshing native plugins compatible for Editor in 0.80 ms, found 1 plugins.
Preloading 0 native plugins for Editor in 0.00 ms.
Unloading 1914 Unused Serialized files (Serialized files now loaded: 0)
System memory in use before: 91.0 MB.
System memory in use after: 91.1 MB.

Unloading 20 unused Assets to reduce memory usage. Loaded Objects now: 2405.
Total: 3.256200 ms (FindLiveObjects: 0.409800 ms CreateObjectMapping: 0.239500 ms MarkObjects: 2.576300 ms  DeleteObjects: 0.027700 ms)

========================================================================
Received Prepare
Registering precompiled user dll's ...
Registered in 0.001727 seconds.
Begin MonoManager ReloadAssembly
Native extension for WindowsStandalone target not found
Refreshing native plugins compatible for Editor in 0.87 ms, found 1 plugins.
Preloading 0 native plugins for Editor in 0.00 ms.
Invoked RoslynAnalysisRunner static constructor.
RoslynAnalysisRunner will not be running.
RoslynAnalysisRunner has terminated.
Mono: successfully reloaded assembly
- Completed reload, in  1.673 seconds
Platform modules already initialized, skipping
Refreshing native plugins compatible for Editor in 0.84 ms, found 1 plugins.
Preloading 0 native plugins for Editor in 0.00 ms.
Unloading 1914 Unused Serialized files (Serialized files now loaded: 0)
System memory in use before: 91.0 MB.
System memory in use after: 91.1 MB.

Unloading 20 unused Assets to reduce memory usage. Loaded Objects now: 2409.
Total: 4.071100 ms (FindLiveObjects: 0.256600 ms CreateObjectMapping: 0.114200 ms MarkObjects: 3.641200 ms  DeleteObjects: 0.056400 ms)

========================================================================
Received Prepare
Registering precompiled user dll's ...
Registered in 0.001647 seconds.
Begin MonoManager ReloadAssembly
Native extension for WindowsStandalone target not found
Refreshing native plugins compatible for Editor in 0.80 ms, found 1 plugins.
Preloading 0 native plugins for Editor in 0.00 ms.
Invoked RoslynAnalysisRunner static constructor.
RoslynAnalysisRunner will not be running.
RoslynAnalysisRunner has terminated.
Mono: successfully reloaded assembly
- Completed reload, in  1.560 seconds
Platform modules already initialized, skipping
Refreshing native plugins compatible for Editor in 0.80 ms, found 1 plugins.
Preloading 0 native plugins for Editor in 0.00 ms.
Unloading 1914 Unused Serialized files (Serialized files now loaded: 0)
System memory in use before: 91.0 MB.
System memory in use after: 91.1 MB.

Unloading 20 unused Assets to reduce memory usage. Loaded Objects now: 2413.
Total: 4.562900 ms (FindLiveObjects: 0.244100 ms CreateObjectMapping: 0.113300 ms MarkObjects: 4.174300 ms  DeleteObjects: 0.029400 ms)

========================================================================
Received Prepare
Registering precompiled user dll's ...
Registered in 0.001700 seconds.
Begin MonoManager ReloadAssembly
Native extension for WindowsStandalone target not found
Refreshing native plugins compatible for Editor in 0.80 ms, found 1 plugins.
Preloading 0 native plugins for Editor in 0.00 ms.
Invoked RoslynAnalysisRunner static constructor.
RoslynAnalysisRunner will not be running.
RoslynAnalysisRunner has terminated.
Mono: successfully reloaded assembly
- Completed reload, in  1.615 seconds
Platform modules already initialized, skipping
Refreshing native plugins compatible for Editor in 0.93 ms, found 1 plugins.
Preloading 0 native plugins for Editor in 0.00 ms.
Unloading 1914 Unused Serialized files (Serialized files now loaded: 0)
System memory in use before: 91.0 MB.
System memory in use after: 91.1 MB.

Unloading 20 unused Assets to reduce memory usage. Loaded Objects now: 2417.
Total: 4.614000 ms (FindLiveObjects: 0.253600 ms CreateObjectMapping: 0.127400 ms MarkObjects: 4.164100 ms  DeleteObjects: 0.066300 ms)

========================================================================
Received Prepare
Refreshing native plugins compatible for Editor in 8.41 ms, found 1 plugins.
Preloading 0 native plugins for Editor in 0.00 ms.
Unloading 18 Unused Serialized files (Serialized files now loaded: 0)
System memory in use before: 53.5 MB.
System memory in use after: 53.6 MB.

Unloading 18 unused Assets to reduce memory usage. Loaded Objects now: 2417.
Total: 2.817100 ms (FindLiveObjects: 0.391500 ms CreateObjectMapping: 0.137900 ms MarkObjects: 2.256200 ms  DeleteObjects: 0.029300 ms)

========================================================================
Received Import Request.
  Time since last request: 1472.956150 seconds.
  path: Assets/_Scripts/AnimalsEnemy.cs
  artifactKey: Guid(9fed13a9f94b9aa4ea965288602afe69) Importer(815301076,1909f56bfc062723c751e8b465ee728b)
Start importing Assets/_Scripts/AnimalsEnemy.cs using Guid(9fed13a9f94b9aa4ea965288602afe69) Importer(815301076,1909f56bfc062723c751e8b465ee728b)  -> (artifact id: '594fde934301ad7412e039138fddf09e') in 0.011548 seconds
  Import took 0.016607 seconds .

========================================================================
Received Import Request.
  Time since last request: 0.047895 seconds.
  path: Assets/_Scripts/AnimalsEnemy.cs
  artifactKey: Guid(9fed13a9f94b9aa4ea965288602afe69) Importer(815301076,1909f56bfc062723c751e8b465ee728b)
Start importing Assets/_Scripts/AnimalsEnemy.cs using Guid(9fed13a9f94b9aa4ea965288602afe69) Importer(815301076,1909f56bfc062723c751e8b465ee728b)  -> (artifact id: '594fde934301ad7412e039138fddf09e') in 0.005887 seconds
  Import took 0.013317 seconds .

========================================================================
Received Prepare
Registering precompiled user dll's ...
Registered in 0.001798 seconds.
Begin MonoManager ReloadAssembly
Native extension for WindowsStandalone target not found
Refreshing native plugins compatible for Editor in 0.81 ms, found 1 plugins.
Preloading 0 native plugins for Editor in 0.00 ms.
Invoked RoslynAnalysisRunner static constructor.
RoslynAnalysisRunner will not be running.
RoslynAnalysisRunner has terminated.
Mono: successfully reloaded assembly
- Completed reload, in  1.623 seconds
Platform modules already initialized, skipping
Refreshing native plugins compatible for Editor in 1.28 ms, found 1 plugins.
Preloading 0 native plugins for Editor in 0.00 ms.
Unloading 1914 Unused Serialized files (Serialized files now loaded: 0)
System memory in use before: 91.0 MB.
System memory in use after: 91.1 MB.

Unloading 20 unused Assets to reduce memory usage. Loaded Objects now: 2421.
Total: 4.863300 ms (FindLiveObjects: 0.239300 ms CreateObjectMapping: 0.115600 ms MarkObjects: 4.449300 ms  DeleteObjects: 0.056900 ms)

========================================================================
Received Prepare
Registering precompiled user dll's ...
Registered in 0.001770 seconds.
Begin MonoManager ReloadAssembly
Native extension for WindowsStandalone target not found
Refreshing native plugins compatible for Editor in 0.84 ms, found 1 plugins.
Preloading 0 native plugins for Editor in 0.00 ms.
Invoked RoslynAnalysisRunner static constructor.
RoslynAnalysisRunner will not be running.
RoslynAnalysisRunner has terminated.
Mono: successfully reloaded assembly
- Completed reload, in  1.642 seconds
Platform modules already initialized, skipping
Refreshing native plugins compatible for Editor in 0.79 ms, found 1 plugins.
Preloading 0 native plugins for Editor in 0.00 ms.
Unloading 1914 Unused Serialized files (Serialized files now loaded: 0)
System memory in use before: 91.0 MB.
System memory in use after: 91.1 MB.

Unloading 20 unused Assets to reduce memory usage. Loaded Objects now: 2425.
Total: 2.871800 ms (FindLiveObjects: 0.240000 ms CreateObjectMapping: 0.110100 ms MarkObjects: 2.489100 ms  DeleteObjects: 0.030900 ms)

========================================================================
Received Prepare
Registering precompiled user dll's ...
Registered in 0.001661 seconds.
Begin MonoManager ReloadAssembly
Native extension for WindowsStandalone target not found
Refreshing native plugins compatible for Editor in 0.85 ms, found 1 plugins.
Preloading 0 native plugins for Editor in 0.00 ms.
Invoked RoslynAnalysisRunner static constructor.
RoslynAnalysisRunner will not be running.
RoslynAnalysisRunner has terminated.
Mono: successfully reloaded assembly
- Completed reload, in  1.594 seconds
Platform modules already initialized, skipping
Refreshing native plugins compatible for Editor in 0.81 ms, found 1 plugins.
Preloading 0 native plugins for Editor in 0.00 ms.
Unloading 1914 Unused Serialized files (Serialized files now loaded: 0)
System memory in use before: 91.0 MB.
System memory in use after: 91.1 MB.

Unloading 20 unused Assets to reduce memory usage. Loaded Objects now: 2429.
Total: 2.976400 ms (FindLiveObjects: 0.284300 ms CreateObjectMapping: 0.110500 ms MarkObjects: 2.549600 ms  DeleteObjects: 0.030200 ms)

========================================================================
Received Import Request.
  Time since last request: 1925.996789 seconds.
  path: Assets/Textures/UI/UI/Rules.png
  artifactKey: Guid(d8eff2aad4428f24cbdb1e13ca7588bc) Importer(815301076,1909f56bfc062723c751e8b465ee728b)
Start importing Assets/Textures/UI/UI/Rules.png using Guid(d8eff2aad4428f24cbdb1e13ca7588bc) Importer(815301076,1909f56bfc062723c751e8b465ee728b)  -> (artifact id: '0e3cb52246ff1bacf7282425e98bad70') in 0.105496 seconds
  Import took 0.110717 seconds .

========================================================================
Received Import Request.
  Time since last request: 5.361867 seconds.
  path: Assets/Textures/UI/UI/Rules.png
  artifactKey: Guid(d8eff2aad4428f24cbdb1e13ca7588bc) Importer(815301076,1909f56bfc062723c751e8b465ee728b)
Start importing Assets/Textures/UI/UI/Rules.png using Guid(d8eff2aad4428f24cbdb1e13ca7588bc) Importer(815301076,1909f56bfc062723c751e8b465ee728b)  -> (artifact id: 'e3825bf442b13b684c3405a0f861e65a') in 0.016702 seconds
  Import took 0.023113 seconds .

========================================================================
Received Prepare
Registering precompiled user dll's ...
Registered in 0.212620 seconds.
Begin MonoManager ReloadAssembly
Native extension for WindowsStandalone target not found
Refreshing native plugins compatible for Editor in 0.81 ms, found 1 plugins.
Preloading 0 native plugins for Editor in 0.00 ms.
Invoked RoslynAnalysisRunner static constructor.
RoslynAnalysisRunner will not be running.
RoslynAnalysisRunner has terminated.
Mono: successfully reloaded assembly
- Completed reload, in  8.954 seconds
Platform modules already initialized, skipping
Refreshing native plugins compatible for Editor in 0.79 ms, found 1 plugins.
Preloading 0 native plugins for Editor in 0.00 ms.
Unloading 1914 Unused Serialized files (Serialized files now loaded: 0)
System memory in use before: 91.0 MB.
System memory in use after: 91.1 MB.

Unloading 20 unused Assets to reduce memory usage. Loaded Objects now: 2437.
Total: 2.759200 ms (FindLiveObjects: 0.245400 ms CreateObjectMapping: 0.112100 ms MarkObjects: 2.370400 ms  DeleteObjects: 0.029600 ms)

========================================================================
Received Prepare
Registering precompiled user dll's ...
Registered in 0.001647 seconds.
Begin MonoManager ReloadAssembly
Native extension for WindowsStandalone target not found
Refreshing native plugins compatible for Editor in 0.97 ms, found 1 plugins.
Preloading 0 native plugins for Editor in 0.00 ms.
Invoked RoslynAnalysisRunner static constructor.
RoslynAnalysisRunner will not be running.
RoslynAnalysisRunner has terminated.
Mono: successfully reloaded assembly
- Completed reload, in  1.620 seconds
Platform modules already initialized, skipping
Refreshing native plugins compatible for Editor in 1.39 ms, found 1 plugins.
Preloading 0 native plugins for Editor in 0.00 ms.
Unloading 1914 Unused Serialized files (Serialized files now loaded: 0)
System memory in use before: 91.0 MB.
System memory in use after: 91.1 MB.

Unloading 20 unused Assets to reduce memory usage. Loaded Objects now: 2441.
Total: 2.769700 ms (FindLiveObjects: 0.239400 ms CreateObjectMapping: 0.112600 ms MarkObjects: 2.384600 ms  DeleteObjects: 0.031300 ms)

AssetImportWorkerClient::OnTransportError - code=2 error=End of file
